\BOOKMARK [1][-]{section.1}{Value Proposition}{}% 1
\BOOKMARK [1][-]{section.2}{Introduction}{}% 2
\BOOKMARK [2][-]{subsection.2.1}{An Inefficient and Troubled Market}{section.2}% 3
\BOOKMARK [2][-]{subsection.2.2}{The Attention Marketplace:}{section.2}% 4
\BOOKMARK [1][-]{section.3}{A New Deal: Attention-based Economics on Blockchain}{}% 5
\BOOKMARK [2][-]{subsection.3.1}{Basic Attention Metrics}{section.3}% 6
\BOOKMARK [2][-]{subsection.3.2}{Token Technology}{section.3}% 7
\BOOKMARK [2][-]{subsection.3.3}{Tokens Used as Publisher Payment}{section.3}% 8
\BOOKMARK [2][-]{subsection.3.4}{Tokens for User Applications}{section.3}% 9
\BOOKMARK [2][-]{subsection.3.5}{Roadmap}{section.3}% 10
\BOOKMARK [1][-]{section.4}{Business landscape}{}% 11
\BOOKMARK [2][-]{subsection.4.1}{Competition}{section.4}% 12
\BOOKMARK [2][-]{subsection.4.2}{BAT Advantage Matrix}{section.4}% 13
\BOOKMARK [2][-]{subsection.4.3}{Brave Overview}{section.4}% 14
\BOOKMARK [2][-]{subsection.4.4}{Key Team Members}{section.4}% 15
\BOOKMARK [1][-]{section.5}{Token Launch}{}% 16
\BOOKMARK [2][-]{subsection.5.1}{Token Launch summary}{section.5}% 17
\BOOKMARK [2][-]{subsection.5.2}{Token Distribution}{section.5}% 18
\BOOKMARK [2][-]{subsection.5.3}{User Growth Fund}{section.5}% 19
\BOOKMARK [2][-]{subsection.5.4}{Budget Allocation}{section.5}% 20
\BOOKMARK [1][-]{section.6}{BAT FAQs}{}% 21
\BOOKMARK [1][-]{section.7}{Appendix}{}% 22
\BOOKMARK [2][-]{subsection.7.1}{A More Efficient Market: Coase Theorem}{section.7}% 23
\BOOKMARK [2][-]{subsection.7.2}{A Three-Way Coasean Bargain}{section.7}% 24
\BOOKMARK [2][-]{subsection.7.3}{An Analysis of the Stability of the BAT}{section.7}% 25
